Analysis & Synthesis report for lab4_g8_p1
Fri May 26 11:41:32 2023
Quartus Prime Version 22.1std.1 Build 917 02/14/2023 SC Lite Edition


---------------------
; Table of Contents ;
---------------------
  1. Legal Notice
  2. Analysis & Synthesis Summary
  3. Analysis & Synthesis Settings
  4. Parallel Compilation
  5. Analysis & Synthesis Source Files Read
  6. Analysis & Synthesis Resource Usage Summary
  7. Analysis & Synthesis Resource Utilization by Entity
  8. User-Specified and Inferred Latches
  9. General Register Statistics
 10. Multiplexer Restructuring Statistics (Restructuring Performed)
 11. Post-Synthesis Netlist Statistics for Top Partition
 12. Elapsed Time Per Partition
 13. Analysis & Synthesis Messages



----------------
; Legal Notice ;
----------------
Copyright (C) 2023  Intel Corporation. All rights reserved.
Your use of Intel Corporation's design tools, logic functions 
and other software and tools, and any partner logic 
functions, and any output files from any of the foregoing 
(including device programming or simulation files), and any 
associated documentation or information are expressly subject 
to the terms and conditions of the Intel Program License 
Subscription Agreement, the Intel Quartus Prime License Agreement,
the Intel FPGA IP License Agreement, or other applicable license
agreement, including, without limitation, that your use is for
the sole purpose of programming logic devices manufactured by
Intel and sold by Intel or its authorized distributors.  Please
refer to the applicable agreement for further details, at
https://fpgasoftware.intel.com/eula.



+-------------------------------------------------------------------------------------+
; Analysis & Synthesis Summary                                                        ;
+------------------------------------+------------------------------------------------+
; Analysis & Synthesis Status        ; Successful - Fri May 26 11:41:32 2023          ;
; Quartus Prime Version              ; 22.1std.1 Build 917 02/14/2023 SC Lite Edition ;
; Revision Name                      ; lab4_g8_p1                                     ;
; Top-level Entity Name              ; lab4_g8_p3                                     ;
; Family                             ; MAX 10                                         ;
; Total logic elements               ; 530                                            ;
;     Total combinational functions  ; 530                                            ;
;     Dedicated logic registers      ; 0                                              ;
; Total registers                    ; 0                                              ;
; Total pins                         ; 105                                            ;
; Total virtual pins                 ; 0                                              ;
; Total memory bits                  ; 0                                              ;
; Embedded Multiplier 9-bit elements ; 0                                              ;
; Total PLLs                         ; 0                                              ;
; UFM blocks                         ; 0                                              ;
; ADC blocks                         ; 0                                              ;
+------------------------------------+------------------------------------------------+


+------------------------------------------------------------------------------------------------------------+
; Analysis & Synthesis Settings                                                                              ;
+------------------------------------------------------------------+--------------------+--------------------+
; Option                                                           ; Setting            ; Default Value      ;
+------------------------------------------------------------------+--------------------+--------------------+
; Device                                                           ; 10M08DAF484C8G     ;                    ;
; Top-level entity name                                            ; lab4_g8_p3         ; lab4_g8_p1         ;
; Family name                                                      ; MAX 10             ; Cyclone V          ;
; Use smart compilation                                            ; Off                ; Off                ;
; Enable parallel Assembler and Timing Analyzer during compilation ; On                 ; On                 ;
; Enable compact report table                                      ; Off                ; Off                ;
; Restructure Multiplexers                                         ; Auto               ; Auto               ;
; Create Debugging Nodes for IP Cores                              ; Off                ; Off                ;
; Preserve fewer node names                                        ; On                 ; On                 ;
; Intel FPGA IP Evaluation Mode                                    ; Enable             ; Enable             ;
; Verilog Version                                                  ; Verilog_2001       ; Verilog_2001       ;
; VHDL Version                                                     ; VHDL_1993          ; VHDL_1993          ;
; State Machine Processing                                         ; Auto               ; Auto               ;
; Safe State Machine                                               ; Off                ; Off                ;
; Extract Verilog State Machines                                   ; On                 ; On                 ;
; Extract VHDL State Machines                                      ; On                 ; On                 ;
; Ignore Verilog initial constructs                                ; Off                ; Off                ;
; Iteration limit for constant Verilog loops                       ; 5000               ; 5000               ;
; Iteration limit for non-constant Verilog loops                   ; 250                ; 250                ;
; Add Pass-Through Logic to Inferred RAMs                          ; On                 ; On                 ;
; Infer RAMs from Raw Logic                                        ; On                 ; On                 ;
; Parallel Synthesis                                               ; On                 ; On                 ;
; DSP Block Balancing                                              ; Auto               ; Auto               ;
; NOT Gate Push-Back                                               ; On                 ; On                 ;
; Power-Up Don't Care                                              ; On                 ; On                 ;
; Remove Redundant Logic Cells                                     ; Off                ; Off                ;
; Remove Duplicate Registers                                       ; On                 ; On                 ;
; Ignore CARRY Buffers                                             ; Off                ; Off                ;
; Ignore CASCADE Buffers                                           ; Off                ; Off                ;
; Ignore GLOBAL Buffers                                            ; Off                ; Off                ;
; Ignore ROW GLOBAL Buffers                                        ; Off                ; Off                ;
; Ignore LCELL Buffers                                             ; Off                ; Off                ;
; Ignore SOFT Buffers                                              ; On                 ; On                 ;
; Limit AHDL Integers to 32 Bits                                   ; Off                ; Off                ;
; Optimization Technique                                           ; Balanced           ; Balanced           ;
; Carry Chain Length                                               ; 70                 ; 70                 ;
; Auto Carry Chains                                                ; On                 ; On                 ;
; Auto Open-Drain Pins                                             ; On                 ; On                 ;
; Perform WYSIWYG Primitive Resynthesis                            ; Off                ; Off                ;
; Auto ROM Replacement                                             ; On                 ; On                 ;
; Auto RAM Replacement                                             ; On                 ; On                 ;
; Auto DSP Block Replacement                                       ; On                 ; On                 ;
; Auto Shift Register Replacement                                  ; Auto               ; Auto               ;
; Allow Shift Register Merging across Hierarchies                  ; Auto               ; Auto               ;
; Auto Clock Enable Replacement                                    ; On                 ; On                 ;
; Strict RAM Replacement                                           ; Off                ; Off                ;
; Allow Synchronous Control Signals                                ; On                 ; On                 ;
; Force Use of Synchronous Clear Signals                           ; Off                ; Off                ;
; Auto RAM Block Balancing                                         ; On                 ; On                 ;
; Auto RAM to Logic Cell Conversion                                ; Off                ; Off                ;
; Auto Resource Sharing                                            ; Off                ; Off                ;
; Allow Any RAM Size For Recognition                               ; Off                ; Off                ;
; Allow Any ROM Size For Recognition                               ; Off                ; Off                ;
; Allow Any Shift Register Size For Recognition                    ; Off                ; Off                ;
; Use LogicLock Constraints during Resource Balancing              ; On                 ; On                 ;
; Ignore translate_off and synthesis_off directives                ; Off                ; Off                ;
; Timing-Driven Synthesis                                          ; On                 ; On                 ;
; Report Parameter Settings                                        ; On                 ; On                 ;
; Report Source Assignments                                        ; On                 ; On                 ;
; Report Connectivity Checks                                       ; On                 ; On                 ;
; Ignore Maximum Fan-Out Assignments                               ; Off                ; Off                ;
; Synchronization Register Chain Length                            ; 2                  ; 2                  ;
; Power Optimization During Synthesis                              ; Normal compilation ; Normal compilation ;
; HDL message level                                                ; Level2             ; Level2             ;
; Suppress Register Optimization Related Messages                  ; Off                ; Off                ;
; Number of Removed Registers Reported in Synthesis Report         ; 5000               ; 5000               ;
; Number of Swept Nodes Reported in Synthesis Report               ; 5000               ; 5000               ;
; Number of Inverted Registers Reported in Synthesis Report        ; 100                ; 100                ;
; Clock MUX Protection                                             ; On                 ; On                 ;
; Auto Gated Clock Conversion                                      ; Off                ; Off                ;
; Block Design Naming                                              ; Auto               ; Auto               ;
; SDC constraint protection                                        ; Off                ; Off                ;
; Synthesis Effort                                                 ; Auto               ; Auto               ;
; Shift Register Replacement - Allow Asynchronous Clear Signal     ; On                 ; On                 ;
; Pre-Mapping Resynthesis Optimization                             ; Off                ; Off                ;
; Analysis & Synthesis Message Level                               ; Medium             ; Medium             ;
; Disable Register Merging Across Hierarchies                      ; Auto               ; Auto               ;
; Resource Aware Inference For Block RAM                           ; On                 ; On                 ;
+------------------------------------------------------------------+--------------------+--------------------+


+------------------------------------------+
; Parallel Compilation                     ;
+----------------------------+-------------+
; Processors                 ; Number      ;
+----------------------------+-------------+
; Number detected on machine ; 8           ;
; Maximum allowed            ; 4           ;
;                            ;             ;
; Average used               ; 1.00        ;
; Maximum used               ; 4           ;
;                            ;             ;
; Usage by Processor         ; % Time Used ;
;     Processor 1            ; 100.0%      ;
;     Processor 2            ;   0.0%      ;
;     Processors 3-4         ;   0.0%      ;
+----------------------------+-------------+


+-------------------------------------------------------------------------------------------------------------------------------------------------------+
; Analysis & Synthesis Source Files Read                                                                                                                ;
+----------------------------------+-----------------+------------------------------+---------------------------------------------------------+---------+
; File Name with User-Entered Path ; Used in Netlist ; File Type                    ; File Name with Absolute Path                            ; Library ;
+----------------------------------+-----------------+------------------------------+---------------------------------------------------------+---------+
; lab4_g8_p3.sv                    ; yes             ; User SystemVerilog HDL File  ; /home/erhangk/Documents/GitHub/Lojik/lab4/lab4_g8_p3.sv ;         ;
+----------------------------------+-----------------+------------------------------+---------------------------------------------------------+---------+


+----------------------------------------------------------+
; Analysis & Synthesis Resource Usage Summary              ;
+---------------------------------------------+------------+
; Resource                                    ; Usage      ;
+---------------------------------------------+------------+
; Estimated Total logic elements              ; 530        ;
;                                             ;            ;
; Total combinational functions               ; 530        ;
; Logic element usage by number of LUT inputs ;            ;
;     -- 4 input functions                    ; 238        ;
;     -- 3 input functions                    ; 227        ;
;     -- <=2 input functions                  ; 65         ;
;                                             ;            ;
; Logic elements by mode                      ;            ;
;     -- normal mode                          ; 497        ;
;     -- arithmetic mode                      ; 33         ;
;                                             ;            ;
; Total registers                             ; 0          ;
;     -- Dedicated logic registers            ; 0          ;
;     -- I/O registers                        ; 0          ;
;                                             ;            ;
; I/O pins                                    ; 105        ;
;                                             ;            ;
; Embedded Multiplier 9-bit elements          ; 0          ;
;                                             ;            ;
; Maximum fan-out node                        ; b[1]~input ;
; Maximum fan-out                             ; 83         ;
; Total fan-out                               ; 1902       ;
; Average fan-out                             ; 2.57       ;
+---------------------------------------------+------------+


+------------------------------------------------------------------------------------------------------------------------------------------------------------------------------------------------------------------------------------+
; Analysis & Synthesis Resource Utilization by Entity                                                                                                                                                                                ;
+----------------------------+---------------------+---------------------------+-------------+------------+--------------+---------+-----------+------+--------------+------------+---------------------+-------------+--------------+
; Compilation Hierarchy Node ; Combinational ALUTs ; Dedicated Logic Registers ; Memory Bits ; UFM Blocks ; DSP Elements ; DSP 9x9 ; DSP 18x18 ; Pins ; Virtual Pins ; ADC blocks ; Full Hierarchy Name ; Entity Name ; Library Name ;
+----------------------------+---------------------+---------------------------+-------------+------------+--------------+---------+-----------+------+--------------+------------+---------------------+-------------+--------------+
; |lab4_g8_p3                ; 530 (530)           ; 0 (0)                     ; 0           ; 0          ; 0            ; 0       ; 0         ; 105  ; 0            ; 0          ; |lab4_g8_p3         ; lab4_g8_p3  ; work         ;
+----------------------------+---------------------+---------------------------+-------------+------------+--------------+---------+-----------+------+--------------+------------+---------------------+-------------+--------------+
Note: For table entries with two numbers listed, the numbers in parentheses indicate the number of resources of the given type used by the specific entity alone. The numbers listed outside of parentheses indicate the total resources of the given type used by the specific entity and all of its sub-entities in the hierarchy.


+----------------------------------------------------------------------------------------------------+
; User-Specified and Inferred Latches                                                                ;
+-----------------------------------------------------+---------------------+------------------------+
; Latch Name                                          ; Latch Enable Signal ; Free of Timing Hazards ;
+-----------------------------------------------------+---------------------+------------------------+
; Result[0]$latch                                     ; Mux32               ; yes                    ;
; Result[1]$latch                                     ; Mux32               ; yes                    ;
; Result[2]$latch                                     ; Mux32               ; yes                    ;
; Result[3]$latch                                     ; Mux32               ; yes                    ;
; Result[4]$latch                                     ; Mux32               ; yes                    ;
; Result[5]$latch                                     ; Mux32               ; yes                    ;
; Result[6]$latch                                     ; Mux32               ; yes                    ;
; Result[7]$latch                                     ; Mux32               ; yes                    ;
; Result[8]$latch                                     ; Mux32               ; yes                    ;
; Result[9]$latch                                     ; Mux32               ; yes                    ;
; Result[10]$latch                                    ; Mux32               ; yes                    ;
; Result[11]$latch                                    ; Mux32               ; yes                    ;
; Result[12]$latch                                    ; Mux32               ; yes                    ;
; Result[13]$latch                                    ; Mux32               ; yes                    ;
; Result[14]$latch                                    ; Mux32               ; yes                    ;
; Result[15]$latch                                    ; Mux32               ; yes                    ;
; Result[16]$latch                                    ; Mux32               ; yes                    ;
; Result[17]$latch                                    ; Mux32               ; yes                    ;
; Result[18]$latch                                    ; Mux32               ; yes                    ;
; Result[19]$latch                                    ; Mux32               ; yes                    ;
; Result[20]$latch                                    ; Mux32               ; yes                    ;
; Result[21]$latch                                    ; Mux32               ; yes                    ;
; Result[22]$latch                                    ; Mux32               ; yes                    ;
; Result[23]$latch                                    ; Mux32               ; yes                    ;
; Result[24]$latch                                    ; Mux32               ; yes                    ;
; Result[25]$latch                                    ; Mux32               ; yes                    ;
; Result[26]$latch                                    ; Mux32               ; yes                    ;
; Result[27]$latch                                    ; Mux32               ; yes                    ;
; Result[28]$latch                                    ; Mux32               ; yes                    ;
; Result[29]$latch                                    ; Mux32               ; yes                    ;
; Result[30]$latch                                    ; Mux32               ; yes                    ;
; Result[31]$latch                                    ; Mux32               ; yes                    ;
; Number of user-specified and inferred latches = 32  ;                     ;                        ;
+-----------------------------------------------------+---------------------+------------------------+
Note: All latches listed above may not be present at the end of synthesis due to various synthesis optimizations.


+------------------------------------------------------+
; General Register Statistics                          ;
+----------------------------------------------+-------+
; Statistic                                    ; Value ;
+----------------------------------------------+-------+
; Total registers                              ; 0     ;
; Number of registers using Synchronous Clear  ; 0     ;
; Number of registers using Synchronous Load   ; 0     ;
; Number of registers using Asynchronous Clear ; 0     ;
; Number of registers using Asynchronous Load  ; 0     ;
; Number of registers using Clock Enable       ; 0     ;
; Number of registers using Preset             ; 0     ;
+----------------------------------------------+-------+


+------------------------------------------------------------------------------------------------------------------------------------------+
; Multiplexer Restructuring Statistics (Restructuring Performed)                                                                           ;
+--------------------+-----------+---------------+----------------------+------------------------+------------+----------------------------+
; Multiplexer Inputs ; Bus Width ; Baseline Area ; Area if Restructured ; Saving if Restructured ; Registered ; Example Multiplexer Output ;
+--------------------+-----------+---------------+----------------------+------------------------+------------+----------------------------+
; 12:1               ; 8 bits    ; 64 LEs        ; 32 LEs               ; 32 LEs                 ; No         ; |lab4_g8_p3|Mux8           ;
; 12:1               ; 8 bits    ; 64 LEs        ; 32 LEs               ; 32 LEs                 ; No         ; |lab4_g8_p3|Mux19          ;
; 13:1               ; 4 bits    ; 32 LEs        ; 24 LEs               ; 8 LEs                  ; No         ; |lab4_g8_p3|Mux6           ;
; 13:1               ; 4 bits    ; 32 LEs        ; 24 LEs               ; 8 LEs                  ; No         ; |lab4_g8_p3|Mux24          ;
; 14:1               ; 2 bits    ; 18 LEs        ; 14 LEs               ; 4 LEs                  ; No         ; |lab4_g8_p3|Mux3           ;
; 14:1               ; 2 bits    ; 18 LEs        ; 12 LEs               ; 6 LEs                  ; No         ; |lab4_g8_p3|Mux28          ;
; 15:1               ; 2 bits    ; 20 LEs        ; 12 LEs               ; 8 LEs                  ; No         ; |lab4_g8_p3|Mux30          ;
+--------------------+-----------+---------------+----------------------+------------------------+------------+----------------------------+


+-----------------------------------------------------+
; Post-Synthesis Netlist Statistics for Top Partition ;
+-----------------------+-----------------------------+
; Type                  ; Count                       ;
+-----------------------+-----------------------------+
; boundary_port         ; 105                         ;
; cycloneiii_lcell_comb ; 531                         ;
;     arith             ; 33                          ;
;         2 data inputs ; 1                           ;
;         3 data inputs ; 32                          ;
;     normal            ; 498                         ;
;         0 data inputs ; 2                           ;
;         2 data inputs ; 63                          ;
;         3 data inputs ; 195                         ;
;         4 data inputs ; 238                         ;
;                       ;                             ;
; Max LUT depth         ; 9.00                        ;
; Average LUT depth     ; 7.26                        ;
+-----------------------+-----------------------------+


+-------------------------------+
; Elapsed Time Per Partition    ;
+----------------+--------------+
; Partition Name ; Elapsed Time ;
+----------------+--------------+
; Top            ; 00:00:01     ;
+----------------+--------------+


+-------------------------------+
; Analysis & Synthesis Messages ;
+-------------------------------+
Info: *******************************************************************
Info: Running Quartus Prime Analysis & Synthesis
    Info: Version 22.1std.1 Build 917 02/14/2023 SC Lite Edition
    Info: Processing started: Fri May 26 11:41:24 2023
Info: Command: quartus_map --read_settings_files=on --write_settings_files=off lab4 -c lab4_g8_p1
Warning (18236): Number of processors has not been specified which may cause overloading on shared machines.  Set the global assignment NUM_PARALLEL_PROCESSORS in your QSF to an appropriate value for best performance.
Info (20030): Parallel compilation is enabled and will use 4 of the 4 processors detected
Info (12021): Found 1 design units, including 1 entities, in source file alu.sv
    Info (12023): Found entity 1: alu File: /home/erhangk/Documents/GitHub/Lojik/lab4/alu.sv Line: 1
Info (12021): Found 1 design units, including 1 entities, in source file lab4_g8_p3.sv
    Info (12023): Found entity 1: lab4_g8_p3 File: /home/erhangk/Documents/GitHub/Lojik/lab4/lab4_g8_p3.sv Line: 1
Info (12021): Found 3 design units, including 3 entities, in source file lab4_g8_p2.sv
    Info (12023): Found entity 1: halfadder File: /home/erhangk/Documents/GitHub/Lojik/lab4/lab4_g8_p2.sv Line: 2
    Info (12023): Found entity 2: fulladder File: /home/erhangk/Documents/GitHub/Lojik/lab4/lab4_g8_p2.sv Line: 12
    Info (12023): Found entity 3: lab4_g8_p2 File: /home/erhangk/Documents/GitHub/Lojik/lab4/lab4_g8_p2.sv Line: 22
Info (12021): Found 4 design units, including 4 entities, in source file lab4_g8_p1.sv
    Info (12023): Found entity 1: d_latch File: /home/erhangk/Documents/GitHub/Lojik/lab4/lab4_g8_p1.sv Line: 3
    Info (12023): Found entity 2: RE_d_flipflop File: /home/erhangk/Documents/GitHub/Lojik/lab4/lab4_g8_p1.sv Line: 12
    Info (12023): Found entity 3: FE_d_flipflop File: /home/erhangk/Documents/GitHub/Lojik/lab4/lab4_g8_p1.sv Line: 23
    Info (12023): Found entity 4: lab4_g8_p1 File: /home/erhangk/Documents/GitHub/Lojik/lab4/lab4_g8_p1.sv Line: 33
Info (12127): Elaborating entity "lab4_g8_p3" for the top level hierarchy
Warning (10059): Verilog HDL Case Statement warning at lab4_g8_p3.sv(18): case item expression never matches the case expression because it contains an 'x' or 'z' value File: /home/erhangk/Documents/GitHub/Lojik/lab4/lab4_g8_p3.sv Line: 18
Warning (10240): Verilog HDL Always Construct warning at lab4_g8_p3.sv(16): inferring latch(es) for variable "hata", which holds its previous value in one or more paths through the always construct File: /home/erhangk/Documents/GitHub/Lojik/lab4/lab4_g8_p3.sv Line: 16
Warning (10240): Verilog HDL Always Construct warning at lab4_g8_p3.sv(16): inferring latch(es) for variable "Result", which holds its previous value in one or more paths through the always construct File: /home/erhangk/Documents/GitHub/Lojik/lab4/lab4_g8_p3.sv Line: 16
Info (10041): Inferred latch for "Result[0]" at lab4_g8_p3.sv(16) File: /home/erhangk/Documents/GitHub/Lojik/lab4/lab4_g8_p3.sv Line: 16
Info (10041): Inferred latch for "Result[1]" at lab4_g8_p3.sv(16) File: /home/erhangk/Documents/GitHub/Lojik/lab4/lab4_g8_p3.sv Line: 16
Info (10041): Inferred latch for "Result[2]" at lab4_g8_p3.sv(16) File: /home/erhangk/Documents/GitHub/Lojik/lab4/lab4_g8_p3.sv Line: 16
Info (10041): Inferred latch for "Result[3]" at lab4_g8_p3.sv(16) File: /home/erhangk/Documents/GitHub/Lojik/lab4/lab4_g8_p3.sv Line: 16
Info (10041): Inferred latch for "Result[4]" at lab4_g8_p3.sv(16) File: /home/erhangk/Documents/GitHub/Lojik/lab4/lab4_g8_p3.sv Line: 16
Info (10041): Inferred latch for "Result[5]" at lab4_g8_p3.sv(16) File: /home/erhangk/Documents/GitHub/Lojik/lab4/lab4_g8_p3.sv Line: 16
Info (10041): Inferred latch for "Result[6]" at lab4_g8_p3.sv(16) File: /home/erhangk/Documents/GitHub/Lojik/lab4/lab4_g8_p3.sv Line: 16
Info (10041): Inferred latch for "Result[7]" at lab4_g8_p3.sv(16) File: /home/erhangk/Documents/GitHub/Lojik/lab4/lab4_g8_p3.sv Line: 16
Info (10041): Inferred latch for "Result[8]" at lab4_g8_p3.sv(16) File: /home/erhangk/Documents/GitHub/Lojik/lab4/lab4_g8_p3.sv Line: 16
Info (10041): Inferred latch for "Result[9]" at lab4_g8_p3.sv(16) File: /home/erhangk/Documents/GitHub/Lojik/lab4/lab4_g8_p3.sv Line: 16
Info (10041): Inferred latch for "Result[10]" at lab4_g8_p3.sv(16) File: /home/erhangk/Documents/GitHub/Lojik/lab4/lab4_g8_p3.sv Line: 16
Info (10041): Inferred latch for "Result[11]" at lab4_g8_p3.sv(16) File: /home/erhangk/Documents/GitHub/Lojik/lab4/lab4_g8_p3.sv Line: 16
Info (10041): Inferred latch for "Result[12]" at lab4_g8_p3.sv(16) File: /home/erhangk/Documents/GitHub/Lojik/lab4/lab4_g8_p3.sv Line: 16
Info (10041): Inferred latch for "Result[13]" at lab4_g8_p3.sv(16) File: /home/erhangk/Documents/GitHub/Lojik/lab4/lab4_g8_p3.sv Line: 16
Info (10041): Inferred latch for "Result[14]" at lab4_g8_p3.sv(16) File: /home/erhangk/Documents/GitHub/Lojik/lab4/lab4_g8_p3.sv Line: 16
Info (10041): Inferred latch for "Result[15]" at lab4_g8_p3.sv(16) File: /home/erhangk/Documents/GitHub/Lojik/lab4/lab4_g8_p3.sv Line: 16
Info (10041): Inferred latch for "Result[16]" at lab4_g8_p3.sv(16) File: /home/erhangk/Documents/GitHub/Lojik/lab4/lab4_g8_p3.sv Line: 16
Info (10041): Inferred latch for "Result[17]" at lab4_g8_p3.sv(16) File: /home/erhangk/Documents/GitHub/Lojik/lab4/lab4_g8_p3.sv Line: 16
Info (10041): Inferred latch for "Result[18]" at lab4_g8_p3.sv(16) File: /home/erhangk/Documents/GitHub/Lojik/lab4/lab4_g8_p3.sv Line: 16
Info (10041): Inferred latch for "Result[19]" at lab4_g8_p3.sv(16) File: /home/erhangk/Documents/GitHub/Lojik/lab4/lab4_g8_p3.sv Line: 16
Info (10041): Inferred latch for "Result[20]" at lab4_g8_p3.sv(16) File: /home/erhangk/Documents/GitHub/Lojik/lab4/lab4_g8_p3.sv Line: 16
Info (10041): Inferred latch for "Result[21]" at lab4_g8_p3.sv(16) File: /home/erhangk/Documents/GitHub/Lojik/lab4/lab4_g8_p3.sv Line: 16
Info (10041): Inferred latch for "Result[22]" at lab4_g8_p3.sv(16) File: /home/erhangk/Documents/GitHub/Lojik/lab4/lab4_g8_p3.sv Line: 16
Info (10041): Inferred latch for "Result[23]" at lab4_g8_p3.sv(16) File: /home/erhangk/Documents/GitHub/Lojik/lab4/lab4_g8_p3.sv Line: 16
Info (10041): Inferred latch for "Result[24]" at lab4_g8_p3.sv(16) File: /home/erhangk/Documents/GitHub/Lojik/lab4/lab4_g8_p3.sv Line: 16
Info (10041): Inferred latch for "Result[25]" at lab4_g8_p3.sv(16) File: /home/erhangk/Documents/GitHub/Lojik/lab4/lab4_g8_p3.sv Line: 16
Info (10041): Inferred latch for "Result[26]" at lab4_g8_p3.sv(16) File: /home/erhangk/Documents/GitHub/Lojik/lab4/lab4_g8_p3.sv Line: 16
Info (10041): Inferred latch for "Result[27]" at lab4_g8_p3.sv(16) File: /home/erhangk/Documents/GitHub/Lojik/lab4/lab4_g8_p3.sv Line: 16
Info (10041): Inferred latch for "Result[28]" at lab4_g8_p3.sv(16) File: /home/erhangk/Documents/GitHub/Lojik/lab4/lab4_g8_p3.sv Line: 16
Info (10041): Inferred latch for "Result[29]" at lab4_g8_p3.sv(16) File: /home/erhangk/Documents/GitHub/Lojik/lab4/lab4_g8_p3.sv Line: 16
Info (10041): Inferred latch for "Result[30]" at lab4_g8_p3.sv(16) File: /home/erhangk/Documents/GitHub/Lojik/lab4/lab4_g8_p3.sv Line: 16
Info (10041): Inferred latch for "Result[31]" at lab4_g8_p3.sv(16) File: /home/erhangk/Documents/GitHub/Lojik/lab4/lab4_g8_p3.sv Line: 16
Info (10041): Inferred latch for "hata" at lab4_g8_p3.sv(16) File: /home/erhangk/Documents/GitHub/Lojik/lab4/lab4_g8_p3.sv Line: 16
Warning (13012): Latch Result[0]$latch has unsafe behavior File: /home/erhangk/Documents/GitHub/Lojik/lab4/lab4_g8_p3.sv Line: 16
    Warning (13013): Ports D and ENA on the latch are fed by the same signal ALUControl[2] File: /home/erhangk/Documents/GitHub/Lojik/lab4/lab4_g8_p3.sv Line: 3
Warning (13012): Latch Result[1]$latch has unsafe behavior File: /home/erhangk/Documents/GitHub/Lojik/lab4/lab4_g8_p3.sv Line: 16
    Warning (13013): Ports D and ENA on the latch are fed by the same signal ALUControl[2] File: /home/erhangk/Documents/GitHub/Lojik/lab4/lab4_g8_p3.sv Line: 3
Warning (13012): Latch Result[2]$latch has unsafe behavior File: /home/erhangk/Documents/GitHub/Lojik/lab4/lab4_g8_p3.sv Line: 16
    Warning (13013): Ports D and ENA on the latch are fed by the same signal ALUControl[2] File: /home/erhangk/Documents/GitHub/Lojik/lab4/lab4_g8_p3.sv Line: 3
Warning (13012): Latch Result[3]$latch has unsafe behavior File: /home/erhangk/Documents/GitHub/Lojik/lab4/lab4_g8_p3.sv Line: 16
    Warning (13013): Ports D and ENA on the latch are fed by the same signal ALUControl[2] File: /home/erhangk/Documents/GitHub/Lojik/lab4/lab4_g8_p3.sv Line: 3
Warning (13012): Latch Result[4]$latch has unsafe behavior File: /home/erhangk/Documents/GitHub/Lojik/lab4/lab4_g8_p3.sv Line: 16
    Warning (13013): Ports D and ENA on the latch are fed by the same signal ALUControl[2] File: /home/erhangk/Documents/GitHub/Lojik/lab4/lab4_g8_p3.sv Line: 3
Warning (13012): Latch Result[5]$latch has unsafe behavior File: /home/erhangk/Documents/GitHub/Lojik/lab4/lab4_g8_p3.sv Line: 16
    Warning (13013): Ports D and ENA on the latch are fed by the same signal ALUControl[2] File: /home/erhangk/Documents/GitHub/Lojik/lab4/lab4_g8_p3.sv Line: 3
Warning (13012): Latch Result[6]$latch has unsafe behavior File: /home/erhangk/Documents/GitHub/Lojik/lab4/lab4_g8_p3.sv Line: 16
    Warning (13013): Ports D and ENA on the latch are fed by the same signal ALUControl[2] File: /home/erhangk/Documents/GitHub/Lojik/lab4/lab4_g8_p3.sv Line: 3
Warning (13012): Latch Result[7]$latch has unsafe behavior File: /home/erhangk/Documents/GitHub/Lojik/lab4/lab4_g8_p3.sv Line: 16
    Warning (13013): Ports D and ENA on the latch are fed by the same signal ALUControl[2] File: /home/erhangk/Documents/GitHub/Lojik/lab4/lab4_g8_p3.sv Line: 3
Warning (13012): Latch Result[8]$latch has unsafe behavior File: /home/erhangk/Documents/GitHub/Lojik/lab4/lab4_g8_p3.sv Line: 16
    Warning (13013): Ports D and ENA on the latch are fed by the same signal ALUControl[1] File: /home/erhangk/Documents/GitHub/Lojik/lab4/lab4_g8_p3.sv Line: 3
Warning (13012): Latch Result[9]$latch has unsafe behavior File: /home/erhangk/Documents/GitHub/Lojik/lab4/lab4_g8_p3.sv Line: 16
    Warning (13013): Ports D and ENA on the latch are fed by the same signal ALUControl[1] File: /home/erhangk/Documents/GitHub/Lojik/lab4/lab4_g8_p3.sv Line: 3
Warning (13012): Latch Result[10]$latch has unsafe behavior File: /home/erhangk/Documents/GitHub/Lojik/lab4/lab4_g8_p3.sv Line: 16
    Warning (13013): Ports D and ENA on the latch are fed by the same signal ALUControl[1] File: /home/erhangk/Documents/GitHub/Lojik/lab4/lab4_g8_p3.sv Line: 3
Warning (13012): Latch Result[11]$latch has unsafe behavior File: /home/erhangk/Documents/GitHub/Lojik/lab4/lab4_g8_p3.sv Line: 16
    Warning (13013): Ports D and ENA on the latch are fed by the same signal ALUControl[1] File: /home/erhangk/Documents/GitHub/Lojik/lab4/lab4_g8_p3.sv Line: 3
Warning (13012): Latch Result[12]$latch has unsafe behavior File: /home/erhangk/Documents/GitHub/Lojik/lab4/lab4_g8_p3.sv Line: 16
    Warning (13013): Ports D and ENA on the latch are fed by the same signal ALUControl[1] File: /home/erhangk/Documents/GitHub/Lojik/lab4/lab4_g8_p3.sv Line: 3
Warning (13012): Latch Result[13]$latch has unsafe behavior File: /home/erhangk/Documents/GitHub/Lojik/lab4/lab4_g8_p3.sv Line: 16
    Warning (13013): Ports D and ENA on the latch are fed by the same signal ALUControl[1] File: /home/erhangk/Documents/GitHub/Lojik/lab4/lab4_g8_p3.sv Line: 3
Warning (13012): Latch Result[14]$latch has unsafe behavior File: /home/erhangk/Documents/GitHub/Lojik/lab4/lab4_g8_p3.sv Line: 16
    Warning (13013): Ports D and ENA on the latch are fed by the same signal ALUControl[1] File: /home/erhangk/Documents/GitHub/Lojik/lab4/lab4_g8_p3.sv Line: 3
Warning (13012): Latch Result[15]$latch has unsafe behavior File: /home/erhangk/Documents/GitHub/Lojik/lab4/lab4_g8_p3.sv Line: 16
    Warning (13013): Ports D and ENA on the latch are fed by the same signal ALUControl[1] File: /home/erhangk/Documents/GitHub/Lojik/lab4/lab4_g8_p3.sv Line: 3
Warning (13012): Latch Result[16]$latch has unsafe behavior File: /home/erhangk/Documents/GitHub/Lojik/lab4/lab4_g8_p3.sv Line: 16
    Warning (13013): Ports D and ENA on the latch are fed by the same signal ALUControl[2] File: /home/erhangk/Documents/GitHub/Lojik/lab4/lab4_g8_p3.sv Line: 3
Warning (13012): Latch Result[17]$latch has unsafe behavior File: /home/erhangk/Documents/GitHub/Lojik/lab4/lab4_g8_p3.sv Line: 16
    Warning (13013): Ports D and ENA on the latch are fed by the same signal ALUControl[2] File: /home/erhangk/Documents/GitHub/Lojik/lab4/lab4_g8_p3.sv Line: 3
Warning (13012): Latch Result[18]$latch has unsafe behavior File: /home/erhangk/Documents/GitHub/Lojik/lab4/lab4_g8_p3.sv Line: 16
    Warning (13013): Ports D and ENA on the latch are fed by the same signal ALUControl[2] File: /home/erhangk/Documents/GitHub/Lojik/lab4/lab4_g8_p3.sv Line: 3
Warning (13012): Latch Result[19]$latch has unsafe behavior File: /home/erhangk/Documents/GitHub/Lojik/lab4/lab4_g8_p3.sv Line: 16
    Warning (13013): Ports D and ENA on the latch are fed by the same signal ALUControl[2] File: /home/erhangk/Documents/GitHub/Lojik/lab4/lab4_g8_p3.sv Line: 3
Warning (13012): Latch Result[20]$latch has unsafe behavior File: /home/erhangk/Documents/GitHub/Lojik/lab4/lab4_g8_p3.sv Line: 16
    Warning (13013): Ports D and ENA on the latch are fed by the same signal ALUControl[2] File: /home/erhangk/Documents/GitHub/Lojik/lab4/lab4_g8_p3.sv Line: 3
Warning (13012): Latch Result[21]$latch has unsafe behavior File: /home/erhangk/Documents/GitHub/Lojik/lab4/lab4_g8_p3.sv Line: 16
    Warning (13013): Ports D and ENA on the latch are fed by the same signal ALUControl[2] File: /home/erhangk/Documents/GitHub/Lojik/lab4/lab4_g8_p3.sv Line: 3
Warning (13012): Latch Result[22]$latch has unsafe behavior File: /home/erhangk/Documents/GitHub/Lojik/lab4/lab4_g8_p3.sv Line: 16
    Warning (13013): Ports D and ENA on the latch are fed by the same signal ALUControl[2] File: /home/erhangk/Documents/GitHub/Lojik/lab4/lab4_g8_p3.sv Line: 3
Warning (13012): Latch Result[23]$latch has unsafe behavior File: /home/erhangk/Documents/GitHub/Lojik/lab4/lab4_g8_p3.sv Line: 16
    Warning (13013): Ports D and ENA on the latch are fed by the same signal ALUControl[2] File: /home/erhangk/Documents/GitHub/Lojik/lab4/lab4_g8_p3.sv Line: 3
Warning (13012): Latch Result[24]$latch has unsafe behavior File: /home/erhangk/Documents/GitHub/Lojik/lab4/lab4_g8_p3.sv Line: 16
    Warning (13013): Ports D and ENA on the latch are fed by the same signal ALUControl[2] File: /home/erhangk/Documents/GitHub/Lojik/lab4/lab4_g8_p3.sv Line: 3
Warning (13012): Latch Result[25]$latch has unsafe behavior File: /home/erhangk/Documents/GitHub/Lojik/lab4/lab4_g8_p3.sv Line: 16
    Warning (13013): Ports D and ENA on the latch are fed by the same signal ALUControl[2] File: /home/erhangk/Documents/GitHub/Lojik/lab4/lab4_g8_p3.sv Line: 3
Warning (13012): Latch Result[26]$latch has unsafe behavior File: /home/erhangk/Documents/GitHub/Lojik/lab4/lab4_g8_p3.sv Line: 16
    Warning (13013): Ports D and ENA on the latch are fed by the same signal ALUControl[2] File: /home/erhangk/Documents/GitHub/Lojik/lab4/lab4_g8_p3.sv Line: 3
Warning (13012): Latch Result[27]$latch has unsafe behavior File: /home/erhangk/Documents/GitHub/Lojik/lab4/lab4_g8_p3.sv Line: 16
    Warning (13013): Ports D and ENA on the latch are fed by the same signal ALUControl[2] File: /home/erhangk/Documents/GitHub/Lojik/lab4/lab4_g8_p3.sv Line: 3
Warning (13012): Latch Result[28]$latch has unsafe behavior File: /home/erhangk/Documents/GitHub/Lojik/lab4/lab4_g8_p3.sv Line: 16
    Warning (13013): Ports D and ENA on the latch are fed by the same signal ALUControl[2] File: /home/erhangk/Documents/GitHub/Lojik/lab4/lab4_g8_p3.sv Line: 3
Warning (13012): Latch Result[29]$latch has unsafe behavior File: /home/erhangk/Documents/GitHub/Lojik/lab4/lab4_g8_p3.sv Line: 16
    Warning (13013): Ports D and ENA on the latch are fed by the same signal ALUControl[2] File: /home/erhangk/Documents/GitHub/Lojik/lab4/lab4_g8_p3.sv Line: 3
Warning (13012): Latch Result[30]$latch has unsafe behavior File: /home/erhangk/Documents/GitHub/Lojik/lab4/lab4_g8_p3.sv Line: 16
    Warning (13013): Ports D and ENA on the latch are fed by the same signal ALUControl[2] File: /home/erhangk/Documents/GitHub/Lojik/lab4/lab4_g8_p3.sv Line: 3
Warning (13012): Latch Result[31]$latch has unsafe behavior File: /home/erhangk/Documents/GitHub/Lojik/lab4/lab4_g8_p3.sv Line: 16
    Warning (13013): Ports D and ENA on the latch are fed by the same signal ALUControl[2] File: /home/erhangk/Documents/GitHub/Lojik/lab4/lab4_g8_p3.sv Line: 3
Warning (13024): Output pins are stuck at VCC or GND
    Warning (13410): Pin "hata" is stuck at VCC File: /home/erhangk/Documents/GitHub/Lojik/lab4/lab4_g8_p3.sv Line: 8
Info (286030): Timing-Driven Synthesis is running
Info (16010): Generating hard_block partition "hard_block:auto_generated_inst"
    Info (16011): Adding 0 node(s), including 0 DDIO, 0 PLL, 0 transceiver and 0 LCELL
Info (21057): Implemented 635 device resources after synthesis - the final resource count might be different
    Info (21058): Implemented 68 input pins
    Info (21059): Implemented 37 output pins
    Info (21061): Implemented 530 logic cells
Info: Quartus Prime Analysis & Synthesis was successful. 0 errors, 70 warnings
    Info: Peak virtual memory: 630 megabytes
    Info: Processing ended: Fri May 26 11:41:32 2023
    Info: Elapsed time: 00:00:08
    Info: Total CPU time (on all processors): 00:00:19


